<?xml version="1.0" encoding="UTF-8"?>
<!-- Generated by org.testng.reporters.JUnitXMLReporter -->
<testsuite ignored="1" hostname="DESKTOP-LQ6L55O" failures="1" tests="8" name="Test" time="43.634" errors="0" timestamp="2024-08-19T12:15:23 IST">
  <testcase classname="Testcases.SafeLock_Login" name="VERIFY_THAT_SAFELOCK_CUSTOMER_URL_LAUNCHED_SUCCESSFULLY" time="0.007"/>
  <testcase classname="Testcases.SafeLock_New_Location" name="VERIFY_USER_NAVIGATED_INTO_LOCATION_PAGE" time="0.164"/>
  <testcase classname="Testcases.SafeLock_New_Location" name="VERIFY_THAT_ADD_LOCATION_PAGE_IS_NAVIGATED_BY_CLICKING_ON_PLUS_ICON" time="0.305"/>
  <testcase classname="Testcases.SafeLock_New_Location" name="VERIFY_THAT_ABLE_TO_SELECT_THE_COUNTRY_ON_THE_ADD_LOCATION_POPUP" time="0.402"/>
  <testcase classname="Testcases.SafeLock_New_Location" name="VERIFY_THAT_ABLE_TO_ENTER_THE_LOCATION_NAME_ALONG_WITH_STATE_NAME" time="0.125"/>
  <testcase classname="Testcases.SafeLock_New_Location" name="VERIFY_THAT_NEW_LOCATION_ADDED_SUCCESSFULLY_BY_CLICK_ON_SUBMIT" time="5.327"/>
  <testcase classname="Testcases.SafeLock_New_Location" name="VERIFY_THAT_CREATED_LOCATION_DISPLAYED_IN_LOCATION_GRID_SECTION" time="5.297"/>
  <testcase classname="Testcases.LockMapping" name="VERIFY_THAT_LOCK_MAPPING_POPOUP_APPEARED_BY_CLICK_ON_LOCK_MAPPING_BUTTON" time="25.499">
    <failure type="org.openqa.selenium.TimeoutException" message="Expected condition failed: waiting for element to be clickable: Proxy element for: DefaultElementLocator &amp;apos;By.xpath: //div[@class=&amp;apos;m_811560b9 mantine-Button-label&amp;apos;]&amp;apos; (tried for 20 second(s) with 500 milliseconds interval)">
      <![CDATA[org.openqa.selenium.TimeoutException: Expected condition failed: waiting for element to be clickable: Proxy element for: DefaultElementLocator 'By.xpath: //div[@class='m_811560b9 mantine-Button-label']' (tried for 20 second(s) with 500 milliseconds interval)
at org.openqa.selenium.support.ui.WebDriverWait.timeoutException(WebDriverWait.java:84)
at org.openqa.selenium.support.ui.FluentWait.until(FluentWait.java:228)
at BaseSetup.Basesetup.clickElement(Basesetup.java:73)
at Testcases.LockMapping.VERIFY_THAT_LOCK_MAPPING_POPOUP_APPEARED_BY_CLICK_ON_LOCK_MAPPING_BUTTON(LockMapping.java:35)
at java.base/java.util.ArrayList.forEach(ArrayList.java:1596)
Caused by: org.openqa.selenium.NoSuchElementException: no such element: Unable to locate element: {"method":"xpath","selector":"//div[@class='m_811560b9 mantine-Button-label']"}
  (Session info: chrome=127.0.6533.120)
For documentation on this error, please visit: https://www.selenium.dev/documentation/webdriver/troubleshooting/errors#no-such-element-exception
Build info: version: '4.19.1', revision: 'abe0ee07dc'
System info: os.name: 'Windows 10', os.arch: 'amd64', os.version: '10.0', java.version: '21.0.3'
Driver info: org.openqa.selenium.chrome.ChromeDriver
Command: [c036d8043f967a2ee99c4305169266a4, findElement {value=//div[@class='m_811560b9 mantine-Button-label'], using=xpath}]
Capabilities {acceptInsecureCerts: false, browserName: chrome, browserVersion: 127.0.6533.120, chrome: {chromedriverVersion: 127.0.6533.99 (f31af5097d90..., userDataDir: C:\Users\mallika\AppData\Lo...}, fedcm:accounts: true, goog:chromeOptions: {debuggerAddress: localhost:55508}, networkConnectionEnabled: false, pageLoadStrategy: normal, platformName: windows, proxy: Proxy(), se:cdp: ws://localhost:55508/devtoo..., se:cdpVersion: 127.0.6533.120, setWindowRect: true, strictFileInteractability: false, timeouts: {implicit: 0, pageLoad: 300000, script: 30000}, unhandledPromptBehavior: dismiss and notify, webauthn:extension:credBlob: true, webauthn:extension:largeBlob: true, webauthn:extension:minPinLength: true, webauthn:extension:prf: true, webauthn:virtualAuthenticators: true}
Session ID: c036d8043f967a2ee99c4305169266a4
at org.openqa.selenium.remote.ErrorCodec.decode(ErrorCodec.java:167)
at org.openqa.selenium.remote.codec.w3c.W3CHttpResponseCodec.decode(W3CHttpResponseCodec.java:138)
at org.openqa.selenium.remote.codec.w3c.W3CHttpResponseCodec.decode(W3CHttpResponseCodec.java:50)
at org.openqa.selenium.remote.HttpCommandExecutor.execute(HttpCommandExecutor.java:190)
at org.openqa.selenium.remote.service.DriverCommandExecutor.invokeExecute(DriverCommandExecutor.java:216)
at org.openqa.selenium.remote.service.DriverCommandExecutor.execute(DriverCommandExecutor.java:174)
at org.openqa.selenium.remote.RemoteWebDriver.execute(RemoteWebDriver.java:518)
at org.openqa.selenium.remote.ElementLocation$ElementFinder$2.findElement(ElementLocation.java:165)
at org.openqa.selenium.remote.ElementLocation.findElement(ElementLocation.java:59)
at org.openqa.selenium.remote.RemoteWebDriver.findElement(RemoteWebDriver.java:355)
at org.openqa.selenium.remote.RemoteWebDriver.findElement(RemoteWebDriver.java:349)
at org.openqa.selenium.support.pagefactory.DefaultElementLocator.findElement(DefaultElementLocator.java:68)
at org.openqa.selenium.support.pagefactory.internal.LocatingElementHandler.invoke(LocatingElementHandler.java:38)
at jdk.proxy2/jdk.proxy2.$Proxy14.isDisplayed(Unknown Source)
at org.openqa.selenium.support.ui.ExpectedConditions.elementIfVisible(ExpectedConditions.java:304)
at org.openqa.selenium.support.ui.ExpectedConditions$10.apply(ExpectedConditions.java:290)
at org.openqa.selenium.support.ui.ExpectedConditions$10.apply(ExpectedConditions.java:287)
at org.openqa.selenium.support.ui.ExpectedConditions$23.apply(ExpectedConditions.java:656)
at org.openqa.selenium.support.ui.ExpectedConditions$23.apply(ExpectedConditions.java:652)
at org.openqa.selenium.support.ui.FluentWait.until(FluentWait.java:203)
... 28 more
... Removed 28 stack frames]]>
    </failure>
  </testcase> <!-- VERIFY_THAT_LOCK_MAPPING_POPOUP_APPEARED_BY_CLICK_ON_LOCK_MAPPING_BUTTON -->
  <testcase classname="BaseSetup.Basesetup" name="@BeforeTest VERIFY_THAT_SAFELOCK_CUSTOMER_URL_LAUNCHED_SUCCESSFULLY" time="0.0">
    <ignored/>
  </testcase> <!-- @BeforeTest VERIFY_THAT_SAFELOCK_CUSTOMER_URL_LAUNCHED_SUCCESSFULLY -->
</testsuite> <!-- Test -->
