<?xml version="1.0" encoding="UTF-8"?>
<!-- Generated by org.testng.reporters.JUnitXMLReporter -->
<testsuite ignored="2" hostname="DESKTOP-LQ6L55O" failures="0" tests="39" name="Test" time="78.115" errors="0" timestamp="2024-09-30T16:03:51 IST">
  <testcase classname="Testcases.SafeLock_Login" name="VERIFY_THAT_SAFELOCK_CUSTOMER_URL_LAUNCHED_SUCCESSFULLY" time="0.003"/>
  <testcase classname="Testcases.New_User_Creation" name="VERIFY_THAT_USER_MENU_IS_CLICKED_SUCCESSFULLY" time="0.138"/>
  <testcase classname="Testcases.New_User_Creation" name="VERIFY_THAT_USER_IS_NAVIGATED_INTO_ADD_USER_SECTION_WHEN_CLICK_ON_ADD_USER_BUTTON" time="0.302"/>
  <testcase classname="Testcases.New_User_Creation" name="VERIFY_THAT_USER_ENTER_THE_USERNAME_IN_USERNAME_FIELD" time="0.507"/>
  <testcase classname="Testcases.New_User_Creation" name="VERIFY_THAT_USER_ABLE_TO_ENTER_MAILID_SUCCESSFULLY" time="0.408"/>
  <testcase classname="Testcases.New_User_Creation" name="VERIFY_THAT_USER_ABLE_TO_SELECT_THE_INDIA_Dial_CODE" time="0.789"/>
  <testcase classname="Testcases.New_User_Creation" name="VERIFY_THAT_USER_IS_ABLE_TO_ENTER_THE_10_DIGIT_MOBILE_NUMBER_ON_MOBILE_NUMBER_FIELD" time="0.302"/>
  <testcase classname="Testcases.New_User_Creation" name="VERIFY_THAT_USER_IS_ABLE_TO_SELECT_THE_ACCESS_ROLE" time="1.401"/>
  <testcase classname="Testcases.New_User_Creation" name="VERIFY_THAT_USER_IS_ABLE_TO_SELECT_THE_LOCATION_LEVEL_AS_COUNTRY_IN_LEVEL_DROPDOWN" time="1.354"/>
  <testcase classname="Testcases.New_User_Creation" name="VERIFY_THAT_USER_IS_ABLE_TO_SELECT_THE_LOCATION_IN_LOCATION_FIELD" time="2.356"/>
  <testcase classname="Testcases.New_User_Creation" name="VERIFY_THAT_DEFAULT_PASSWORD_DISPLAYED_AS_ENCRYPED_FORMAT_IN_PASSWORD_FIELD" time="1.383"/>
  <testcase classname="Testcases.New_User_Creation" name="VERIFY_THAT_CONFIRM_PASSWORD_IS_FILLED_WITH_DEFAULT_PASSWORD" time="1.336"/>
  <testcase classname="Testcases.New_User_Creation" name="VERIFY_THAT_NEW_USER_IS_CREATED_SUCCESSFULLY_BY_CLICKING_THE_SUBMIT_BUTTON" time="0.651"/>
  <testcase classname="Testcases.SafeLock_New_Location" name="VERIFY_USER_NAVIGATED_INTO_LOCATION_PAGE" time="0.133"/>
  <testcase classname="Testcases.SafeLock_New_Location" name="VERIFY_THAT_ADD_LOCATION_PAGE_IS_NAVIGATED_BY_CLICKING_ON_PLUS_ICON" time="0.553"/>
  <testcase classname="Testcases.SafeLock_New_Location" name="VERIFY_THAT_ABLE_TO_SELECT_THE_COUNTRY_ON_THE_ADD_LOCATION_POPUP" time="0.537"/>
  <testcase classname="Testcases.SafeLock_New_Location" name="VERIFY_THAT_ABLE_TO_ENTER_THE_LOCATION_NAME_ALONG_WITH_STATE_NAME" time="0.136"/>
  <testcase classname="Testcases.SafeLock_New_Location" name="VERIFY_THAT_NEW_LOCATION_ADDED_SUCCESSFULLY_BY_CLICK_ON_SUBMIT" time="0.167"/>
  <testcase classname="Testcases.SafeLock_New_Location" name="VERIFY_THAT_CREATED_LOCATION_DISPLAYED_IN_LOCATION_GRID_SECTION" time="5.258"/>
  <testcase classname="Testcases.SafeLock_New_Location" name="VERIFY_THAT_LOCK_MAPPING_POPOUP_APPEARED_BY_CLICK_ON_LOCK_MAPPING_BUTTON" time="5.13"/>
  <testcase classname="Testcases.SafeLock_New_Location" name="VERIFY_THAT_USER_IS_ENTER_THE_LOCK_NAME_SUCCESSFULLY" time="0.173"/>
  <testcase classname="Testcases.SafeLock_New_Location" name="VERIFY_THAT_USER_IS_ABLE_TO_SELECT_THE_LOCK_ID_FROM_THE_DROP_DOWN_SUCCESSFULLY" time="0.193"/>
  <testcase classname="Testcases.SafeLock_New_Location" name="VERIFY_THAT_LOCK_MAPPED_WITH_SELECTED_LOCATION_BY_CLICK_ON_SUBMIT" time="4.112"/>
  <testcase classname="Testcases.AddAccess_creation" name="VERIFY_THAT_ADDACCESS_LINK_IS_CLICKED_BY_THE_USER_AND_NAVIAGTED_INTO_ACCESS_PAGE" time="2.109"/>
  <testcase classname="Testcases.AddAccess_creation" name="VERIFY_THAT_USER_IA_NAVIGATED_INTO_ACCESS_CREATION_PAGE_WHEN_CLICK_ON_ADD_ACCESS_BUTTON" time="2.13"/>
  <testcase classname="Testcases.AddAccess_creation" name="VERIFY_THAT_USER_ENTERING_THE_ACCESS_NAME_ON_ACCESS_FIELD" time="0.269"/>
  <testcase classname="Testcases.AddAccess_creation" name="VERIFY_THAT_USER_IS_SELECT_THE_LOCATION_FROM_THE_DROPDOWN" time="2.204"/>
  <testcase classname="Testcases.AddAccess_creation" name="VERIFY_THAT_USER_IS_ABLE_TO_SELECT_THE_NEXT_STEp_BUTTON_ON_ADD_ACCESS_PAGE" time="2.079"/>
  <testcase classname="Testcases.AddAccess_creation" name="VERIFY_THAT_USER_IS_SELECT_THE_LOCK_ID_FROM_THE_LOCKS_DROP_DOWN" time="4.245"/>
  <testcase classname="Testcases.AddAccess_creation" name="VERIFY_THAT_USER_IS_SELECT_THE_USER_NAME_FROM_THE_USERS_DROP_DOWN" time="2.464"/>
  <testcase classname="Testcases.AddAccess_creation" name="VERIFY_THAT_SEND_OTP_TO_USER_EMAIL_PHONE_OPTION_SELECTED_SUCCESSFULLY" time="0.102"/>
  <testcase classname="Testcases.AddAccess_creation" name="VERIFY_THAT_USER_IS_ABLE_TO_SELECT_THE_NEXT_STEP_BUTTON_ON_ADD_ACCESS_PAGE" time="2.129"/>
  <testcase classname="Testcases.AddAccess_creation" name="VERIFY_THAT_FROM_DATE_IS_SELECTED_FROM_THE_CURRENT_DATE_OF_SELECTION" time="6.194"/>
  <testcase classname="Testcases.AddAccess_creation" name="VERIFY_THAT_FROM_TIME_IS_SELECTED_SUCCESSFULLY" time="2.153"/>
  <testcase classname="Testcases.AddAccess_creation" name="VERIFY_THAT_TO_DATE_IS_SELECTED_AS_ONE_YEAR_FROM_THE_CURRENT_DATE" time="8.81"/>
  <testcase classname="Testcases.AddAccess_creation" name="VERIFY_THAT_TO_TIME_IS_SELECTED_SUCCESSFULLY" time="4.783"/>
  <testcase classname="Testcases.AddAccess_creation" name="VERIFY_THAT_EVERY_DATE_CHECK_BOX_IS_SELECTED_SUCCESSFULLY" time="2.117"/>
  <testcase classname="Testcases.AddAccess_creation" name="VERIFY_THAT_NEW_ACCESS_IS_CREATED_BY_CLICKING_ON_SUBMIT_BUTTON" time="2.095"/>
  <testcase classname="Testcases.AddAccess_creation" name="VERIFY_THAT_SELECTED_DATA_IS_DISPLAYED_ON_NEXT_PAGE_BY_CLICKING_ON_NEXT_STEP_BUTTON" time="2.107"/>
  <testcase classname="BaseSetup.Basesetup" name="@BeforeTest VERIFY_THAT_SAFELOCK_CUSTOMER_URL_LAUNCHED_SUCCESSFULLY" time="0.0">
    <ignored/>
  </testcase> <!-- @BeforeTest VERIFY_THAT_SAFELOCK_CUSTOMER_URL_LAUNCHED_SUCCESSFULLY -->
  <testcase classname="BaseSetup.Basesetup" name="@BeforeTest VERIFY_THAT_SAFELOCK_CUSTOMER_URL_LAUNCHED_SUCCESSFULLY" time="0.0">
    <ignored/>
  </testcase> <!-- @BeforeTest VERIFY_THAT_SAFELOCK_CUSTOMER_URL_LAUNCHED_SUCCESSFULLY -->
</testsuite> <!-- Test -->
