<?xml version="1.0" encoding="UTF-8"?>
<testng-results ignored="0" total="5" passed="5" failed="0" skipped="0">
  <reporter-output>
  </reporter-output>
  <suite started-at="2024-04-18T18:23:24 IST" name="Suite" finished-at="2024-04-18T18:24:19 IST" duration-ms="55569">
    <groups>
    </groups>
    <test started-at="2024-04-18T18:23:24 IST" name="Test" finished-at="2024-04-18T18:24:19 IST" duration-ms="55569">
      <class name="test.Stock_Lock_cases">
        <test-method is-config="true" signature="beforeClass()[pri:0, instance:test.Stock_Lock_cases@83298d7]" started-at="2024-04-18T18:23:24 IST" name="beforeClass" finished-at="2024-04-18T18:23:24 IST" duration-ms="6" status="PASS">
          <reporter-output>
          </reporter-output>
        </test-method> <!-- beforeClass -->
        <test-method signature="addlock()[pri:1, instance:test.Stock_Lock_cases@83298d7]" started-at="2024-04-18T18:23:24 IST" name="addlock" finished-at="2024-04-18T18:23:41 IST" duration-ms="16643" status="PASS">
          <reporter-output>
          </reporter-output>
        </test-method> <!-- addlock -->
        <test-method is-config="true" signature="afterMethod()[pri:0, instance:test.Stock_Lock_cases@83298d7]" started-at="2024-04-18T18:23:41 IST" name="afterMethod" finished-at="2024-04-18T18:23:41 IST" duration-ms="0" status="PASS">
          <reporter-output>
          </reporter-output>
        </test-method> <!-- afterMethod -->
        <test-method signature="addkey()[pri:2, instance:test.Stock_Lock_cases@83298d7]" started-at="2024-04-18T18:23:41 IST" name="addkey" finished-at="2024-04-18T18:23:52 IST" duration-ms="11016" status="PASS">
          <reporter-output>
          </reporter-output>
        </test-method> <!-- addkey -->
        <test-method signature="addwallpd()[pri:3, instance:test.Stock_Lock_cases@83298d7]" started-at="2024-04-18T18:23:52 IST" name="addwallpd" finished-at="2024-04-18T18:24:02 IST" duration-ms="10742" status="PASS">
          <reporter-output>
          </reporter-output>
        </test-method> <!-- addwallpd -->
        <test-method is-config="true" signature="afterMethod()[pri:0, instance:test.Stock_Lock_cases@83298d7]" started-at="2024-04-18T18:23:52 IST" name="afterMethod" finished-at="2024-04-18T18:23:52 IST" duration-ms="0" status="PASS">
          <reporter-output>
          </reporter-output>
        </test-method> <!-- afterMethod -->
        <test-method is-config="true" signature="afterMethod()[pri:0, instance:test.Stock_Lock_cases@83298d7]" started-at="2024-04-18T18:24:02 IST" name="afterMethod" finished-at="2024-04-18T18:24:02 IST" duration-ms="0" status="PASS">
          <reporter-output>
          </reporter-output>
        </test-method> <!-- afterMethod -->
        <test-method signature="addkeybox()[pri:4, instance:test.Stock_Lock_cases@83298d7]" started-at="2024-04-18T18:24:02 IST" name="addkeybox" finished-at="2024-04-18T18:24:13 IST" duration-ms="10511" status="PASS">
          <reporter-output>
          </reporter-output>
        </test-method> <!-- addkeybox -->
        <test-method is-config="true" signature="afterMethod()[pri:0, instance:test.Stock_Lock_cases@83298d7]" started-at="2024-04-18T18:24:13 IST" name="afterMethod" finished-at="2024-04-18T18:24:13 IST" duration-ms="0" status="PASS">
          <reporter-output>
          </reporter-output>
        </test-method> <!-- afterMethod -->
        <test-method signature="Mandatoryfieldscheck()[pri:5, instance:test.Stock_Lock_cases@83298d7]" started-at="2024-04-18T18:24:13 IST" name="Mandatoryfieldscheck" finished-at="2024-04-18T18:24:19 IST" duration-ms="6598" status="PASS">
          <reporter-output>
          </reporter-output>
        </test-method> <!-- Mandatoryfieldscheck -->
        <test-method is-config="true" signature="afterMethod()[pri:0, instance:test.Stock_Lock_cases@83298d7]" started-at="2024-04-18T18:24:19 IST" name="afterMethod" finished-at="2024-04-18T18:24:19 IST" duration-ms="1" status="PASS">
          <reporter-output>
          </reporter-output>
        </test-method> <!-- afterMethod -->
      </class> <!-- test.Stock_Lock_cases -->
    </test> <!-- Test -->
  </suite> <!-- Suite -->
</testng-results>
