<?xml version="1.0" encoding="UTF-8"?>
<testng-results ignored="2" total="41" passed="39" failed="0" skipped="0">
  <reporter-output>
  </reporter-output>
  <suite started-at="2024-09-30T16:02:32 IST" name="Suite" finished-at="2024-09-30T16:03:51 IST" duration-ms="78115">
    <groups>
    </groups>
    <test started-at="2024-09-30T16:02:32 IST" name="Test" finished-at="2024-09-30T16:03:51 IST" duration-ms="78115">
      <class name="Testcases.AddAccess_creation">
        <test-method is-config="true" signature="beforeClass()[pri:0, instance:Testcases.AddAccess_creation@1a942c18]" started-at="2024-09-30T16:03:05 IST" name="beforeClass" finished-at="2024-09-30T16:03:05 IST" duration-ms="2" status="PASS">
          <reporter-output>
          </reporter-output>
        </test-method> <!-- beforeClass -->
        <test-method signature="VERIFY_THAT_ADDACCESS_LINK_IS_CLICKED_BY_THE_USER_AND_NAVIAGTED_INTO_ACCESS_PAGE()[pri:1, instance:Testcases.AddAccess_creation@1a942c18]" started-at="2024-09-30T16:03:05 IST" name="VERIFY_THAT_ADDACCESS_LINK_IS_CLICKED_BY_THE_USER_AND_NAVIAGTED_INTO_ACCESS_PAGE" finished-at="2024-09-30T16:03:07 IST" duration-ms="2109" status="PASS">
          <reporter-output>
          </reporter-output>
        </test-method> <!-- VERIFY_THAT_ADDACCESS_LINK_IS_CLICKED_BY_THE_USER_AND_NAVIAGTED_INTO_ACCESS_PAGE -->
        <test-method signature="VERIFY_THAT_USER_IA_NAVIGATED_INTO_ACCESS_CREATION_PAGE_WHEN_CLICK_ON_ADD_ACCESS_BUTTON()[pri:2, instance:Testcases.AddAccess_creation@1a942c18]" started-at="2024-09-30T16:03:07 IST" name="VERIFY_THAT_USER_IA_NAVIGATED_INTO_ACCESS_CREATION_PAGE_WHEN_CLICK_ON_ADD_ACCESS_BUTTON" finished-at="2024-09-30T16:03:09 IST" duration-ms="2130" status="PASS">
          <reporter-output>
          </reporter-output>
        </test-method> <!-- VERIFY_THAT_USER_IA_NAVIGATED_INTO_ACCESS_CREATION_PAGE_WHEN_CLICK_ON_ADD_ACCESS_BUTTON -->
        <test-method signature="VERIFY_THAT_USER_ENTERING_THE_ACCESS_NAME_ON_ACCESS_FIELD()[pri:3, instance:Testcases.AddAccess_creation@1a942c18]" started-at="2024-09-30T16:03:09 IST" name="VERIFY_THAT_USER_ENTERING_THE_ACCESS_NAME_ON_ACCESS_FIELD" finished-at="2024-09-30T16:03:09 IST" duration-ms="269" status="PASS">
          <reporter-output>
          </reporter-output>
        </test-method> <!-- VERIFY_THAT_USER_ENTERING_THE_ACCESS_NAME_ON_ACCESS_FIELD -->
        <test-method signature="VERIFY_THAT_USER_IS_SELECT_THE_LOCATION_FROM_THE_DROPDOWN()[pri:4, instance:Testcases.AddAccess_creation@1a942c18]" started-at="2024-09-30T16:03:09 IST" name="VERIFY_THAT_USER_IS_SELECT_THE_LOCATION_FROM_THE_DROPDOWN" finished-at="2024-09-30T16:03:11 IST" duration-ms="2204" status="PASS">
          <reporter-output>
          </reporter-output>
        </test-method> <!-- VERIFY_THAT_USER_IS_SELECT_THE_LOCATION_FROM_THE_DROPDOWN -->
        <test-method signature="VERIFY_THAT_USER_IS_ABLE_TO_SELECT_THE_NEXT_STEp_BUTTON_ON_ADD_ACCESS_PAGE()[pri:5, instance:Testcases.AddAccess_creation@1a942c18]" started-at="2024-09-30T16:03:11 IST" name="VERIFY_THAT_USER_IS_ABLE_TO_SELECT_THE_NEXT_STEp_BUTTON_ON_ADD_ACCESS_PAGE" finished-at="2024-09-30T16:03:13 IST" duration-ms="2079" status="PASS">
          <reporter-output>
          </reporter-output>
        </test-method> <!-- VERIFY_THAT_USER_IS_ABLE_TO_SELECT_THE_NEXT_STEp_BUTTON_ON_ADD_ACCESS_PAGE -->
        <test-method signature="VERIFY_THAT_USER_IS_SELECT_THE_LOCK_ID_FROM_THE_LOCKS_DROP_DOWN()[pri:6, instance:Testcases.AddAccess_creation@1a942c18]" started-at="2024-09-30T16:03:13 IST" name="VERIFY_THAT_USER_IS_SELECT_THE_LOCK_ID_FROM_THE_LOCKS_DROP_DOWN" finished-at="2024-09-30T16:03:18 IST" duration-ms="4245" status="PASS">
          <reporter-output>
          </reporter-output>
        </test-method> <!-- VERIFY_THAT_USER_IS_SELECT_THE_LOCK_ID_FROM_THE_LOCKS_DROP_DOWN -->
        <test-method signature="VERIFY_THAT_USER_IS_SELECT_THE_USER_NAME_FROM_THE_USERS_DROP_DOWN()[pri:7, instance:Testcases.AddAccess_creation@1a942c18]" started-at="2024-09-30T16:03:18 IST" name="VERIFY_THAT_USER_IS_SELECT_THE_USER_NAME_FROM_THE_USERS_DROP_DOWN" finished-at="2024-09-30T16:03:20 IST" duration-ms="2464" status="PASS">
          <reporter-output>
          </reporter-output>
        </test-method> <!-- VERIFY_THAT_USER_IS_SELECT_THE_USER_NAME_FROM_THE_USERS_DROP_DOWN -->
        <test-method signature="VERIFY_THAT_SEND_OTP_TO_USER_EMAIL_PHONE_OPTION_SELECTED_SUCCESSFULLY()[pri:8, instance:Testcases.AddAccess_creation@1a942c18]" started-at="2024-09-30T16:03:20 IST" name="VERIFY_THAT_SEND_OTP_TO_USER_EMAIL_PHONE_OPTION_SELECTED_SUCCESSFULLY" finished-at="2024-09-30T16:03:20 IST" duration-ms="102" status="PASS">
          <reporter-output>
          </reporter-output>
        </test-method> <!-- VERIFY_THAT_SEND_OTP_TO_USER_EMAIL_PHONE_OPTION_SELECTED_SUCCESSFULLY -->
        <test-method signature="VERIFY_THAT_USER_IS_ABLE_TO_SELECT_THE_NEXT_STEP_BUTTON_ON_ADD_ACCESS_PAGE()[pri:9, instance:Testcases.AddAccess_creation@1a942c18]" started-at="2024-09-30T16:03:20 IST" name="VERIFY_THAT_USER_IS_ABLE_TO_SELECT_THE_NEXT_STEP_BUTTON_ON_ADD_ACCESS_PAGE" finished-at="2024-09-30T16:03:22 IST" duration-ms="2129" status="PASS">
          <reporter-output>
          </reporter-output>
        </test-method> <!-- VERIFY_THAT_USER_IS_ABLE_TO_SELECT_THE_NEXT_STEP_BUTTON_ON_ADD_ACCESS_PAGE -->
        <test-method signature="VERIFY_THAT_FROM_DATE_IS_SELECTED_FROM_THE_CURRENT_DATE_OF_SELECTION()[pri:10, instance:Testcases.AddAccess_creation@1a942c18]" started-at="2024-09-30T16:03:22 IST" name="VERIFY_THAT_FROM_DATE_IS_SELECTED_FROM_THE_CURRENT_DATE_OF_SELECTION" finished-at="2024-09-30T16:03:28 IST" duration-ms="6194" status="PASS">
          <reporter-output>
          </reporter-output>
        </test-method> <!-- VERIFY_THAT_FROM_DATE_IS_SELECTED_FROM_THE_CURRENT_DATE_OF_SELECTION -->
        <test-method signature="VERIFY_THAT_FROM_TIME_IS_SELECTED_SUCCESSFULLY()[pri:11, instance:Testcases.AddAccess_creation@1a942c18]" started-at="2024-09-30T16:03:28 IST" name="VERIFY_THAT_FROM_TIME_IS_SELECTED_SUCCESSFULLY" finished-at="2024-09-30T16:03:31 IST" duration-ms="2153" status="PASS">
          <reporter-output>
          </reporter-output>
        </test-method> <!-- VERIFY_THAT_FROM_TIME_IS_SELECTED_SUCCESSFULLY -->
        <test-method signature="VERIFY_THAT_TO_DATE_IS_SELECTED_AS_ONE_YEAR_FROM_THE_CURRENT_DATE()[pri:12, instance:Testcases.AddAccess_creation@1a942c18]" started-at="2024-09-30T16:03:31 IST" name="VERIFY_THAT_TO_DATE_IS_SELECTED_AS_ONE_YEAR_FROM_THE_CURRENT_DATE" finished-at="2024-09-30T16:03:39 IST" duration-ms="8810" status="PASS">
          <reporter-output>
          </reporter-output>
        </test-method> <!-- VERIFY_THAT_TO_DATE_IS_SELECTED_AS_ONE_YEAR_FROM_THE_CURRENT_DATE -->
        <test-method signature="VERIFY_THAT_TO_TIME_IS_SELECTED_SUCCESSFULLY()[pri:13, instance:Testcases.AddAccess_creation@1a942c18]" started-at="2024-09-30T16:03:39 IST" name="VERIFY_THAT_TO_TIME_IS_SELECTED_SUCCESSFULLY" finished-at="2024-09-30T16:03:44 IST" duration-ms="4783" status="PASS">
          <reporter-output>
          </reporter-output>
        </test-method> <!-- VERIFY_THAT_TO_TIME_IS_SELECTED_SUCCESSFULLY -->
        <test-method signature="VERIFY_THAT_EVERY_DATE_CHECK_BOX_IS_SELECTED_SUCCESSFULLY()[pri:14, instance:Testcases.AddAccess_creation@1a942c18]" started-at="2024-09-30T16:03:44 IST" name="VERIFY_THAT_EVERY_DATE_CHECK_BOX_IS_SELECTED_SUCCESSFULLY" finished-at="2024-09-30T16:03:46 IST" duration-ms="2117" status="PASS">
          <reporter-output>
          </reporter-output>
        </test-method> <!-- VERIFY_THAT_EVERY_DATE_CHECK_BOX_IS_SELECTED_SUCCESSFULLY -->
        <test-method signature="VERIFY_THAT_NEW_ACCESS_IS_CREATED_BY_CLICKING_ON_SUBMIT_BUTTON()[pri:15, instance:Testcases.AddAccess_creation@1a942c18]" started-at="2024-09-30T16:03:46 IST" name="VERIFY_THAT_NEW_ACCESS_IS_CREATED_BY_CLICKING_ON_SUBMIT_BUTTON" finished-at="2024-09-30T16:03:48 IST" duration-ms="2095" status="PASS">
          <reporter-output>
          </reporter-output>
        </test-method> <!-- VERIFY_THAT_NEW_ACCESS_IS_CREATED_BY_CLICKING_ON_SUBMIT_BUTTON -->
        <test-method signature="VERIFY_THAT_SELECTED_DATA_IS_DISPLAYED_ON_NEXT_PAGE_BY_CLICKING_ON_NEXT_STEP_BUTTON()[pri:15, instance:Testcases.AddAccess_creation@1a942c18]" started-at="2024-09-30T16:03:48 IST" name="VERIFY_THAT_SELECTED_DATA_IS_DISPLAYED_ON_NEXT_PAGE_BY_CLICKING_ON_NEXT_STEP_BUTTON" finished-at="2024-09-30T16:03:51 IST" duration-ms="2107" status="PASS">
          <reporter-output>
          </reporter-output>
        </test-method> <!-- VERIFY_THAT_SELECTED_DATA_IS_DISPLAYED_ON_NEXT_PAGE_BY_CLICKING_ON_NEXT_STEP_BUTTON -->
      </class> <!-- Testcases.AddAccess_creation -->
      <class name="Testcases.New_User_Creation">
        <test-method is-config="true" signature="VERIFY_THAT_SAFELOCK_CUSTOMER_URL_LAUNCHED_SUCCESSFULLY()[pri:0, instance:Testcases.New_User_Creation@368247b9]" started-at="2024-09-30T16:02:32 IST" name="VERIFY_THAT_SAFELOCK_CUSTOMER_URL_LAUNCHED_SUCCESSFULLY" finished-at="2024-09-30T16:02:37 IST" duration-ms="4683" status="PASS">
          <reporter-output>
          </reporter-output>
        </test-method> <!-- VERIFY_THAT_SAFELOCK_CUSTOMER_URL_LAUNCHED_SUCCESSFULLY -->
        <test-method is-config="true" signature="beforeClass()[pri:0, instance:Testcases.New_User_Creation@368247b9]" started-at="2024-09-30T16:02:37 IST" name="beforeClass" finished-at="2024-09-30T16:02:37 IST" duration-ms="2" status="PASS">
          <reporter-output>
          </reporter-output>
        </test-method> <!-- beforeClass -->
        <test-method signature="VERIFY_THAT_USER_MENU_IS_CLICKED_SUCCESSFULLY()[pri:1, instance:Testcases.New_User_Creation@368247b9]" started-at="2024-09-30T16:02:37 IST" name="VERIFY_THAT_USER_MENU_IS_CLICKED_SUCCESSFULLY" finished-at="2024-09-30T16:02:37 IST" duration-ms="138" status="PASS">
          <reporter-output>
          </reporter-output>
        </test-method> <!-- VERIFY_THAT_USER_MENU_IS_CLICKED_SUCCESSFULLY -->
        <test-method signature="VERIFY_THAT_USER_IS_NAVIGATED_INTO_ADD_USER_SECTION_WHEN_CLICK_ON_ADD_USER_BUTTON()[pri:2, instance:Testcases.New_User_Creation@368247b9]" started-at="2024-09-30T16:02:37 IST" name="VERIFY_THAT_USER_IS_NAVIGATED_INTO_ADD_USER_SECTION_WHEN_CLICK_ON_ADD_USER_BUTTON" finished-at="2024-09-30T16:02:38 IST" duration-ms="302" status="PASS">
          <reporter-output>
          </reporter-output>
        </test-method> <!-- VERIFY_THAT_USER_IS_NAVIGATED_INTO_ADD_USER_SECTION_WHEN_CLICK_ON_ADD_USER_BUTTON -->
        <test-method signature="VERIFY_THAT_USER_ENTER_THE_USERNAME_IN_USERNAME_FIELD()[pri:3, instance:Testcases.New_User_Creation@368247b9]" started-at="2024-09-30T16:02:38 IST" name="VERIFY_THAT_USER_ENTER_THE_USERNAME_IN_USERNAME_FIELD" finished-at="2024-09-30T16:02:38 IST" duration-ms="507" status="PASS">
          <reporter-output>
          </reporter-output>
        </test-method> <!-- VERIFY_THAT_USER_ENTER_THE_USERNAME_IN_USERNAME_FIELD -->
        <test-method signature="VERIFY_THAT_USER_ABLE_TO_ENTER_MAILID_SUCCESSFULLY()[pri:4, instance:Testcases.New_User_Creation@368247b9]" started-at="2024-09-30T16:02:38 IST" name="VERIFY_THAT_USER_ABLE_TO_ENTER_MAILID_SUCCESSFULLY" finished-at="2024-09-30T16:02:39 IST" duration-ms="408" status="PASS">
          <reporter-output>
          </reporter-output>
        </test-method> <!-- VERIFY_THAT_USER_ABLE_TO_ENTER_MAILID_SUCCESSFULLY -->
        <test-method signature="VERIFY_THAT_USER_ABLE_TO_SELECT_THE_INDIA_Dial_CODE()[pri:5, instance:Testcases.New_User_Creation@368247b9]" started-at="2024-09-30T16:02:39 IST" name="VERIFY_THAT_USER_ABLE_TO_SELECT_THE_INDIA_Dial_CODE" finished-at="2024-09-30T16:02:39 IST" duration-ms="789" status="PASS">
          <reporter-output>
          </reporter-output>
        </test-method> <!-- VERIFY_THAT_USER_ABLE_TO_SELECT_THE_INDIA_Dial_CODE -->
        <test-method signature="VERIFY_THAT_USER_IS_ABLE_TO_ENTER_THE_10_DIGIT_MOBILE_NUMBER_ON_MOBILE_NUMBER_FIELD()[pri:6, instance:Testcases.New_User_Creation@368247b9]" started-at="2024-09-30T16:02:39 IST" name="VERIFY_THAT_USER_IS_ABLE_TO_ENTER_THE_10_DIGIT_MOBILE_NUMBER_ON_MOBILE_NUMBER_FIELD" finished-at="2024-09-30T16:02:40 IST" duration-ms="302" status="PASS">
          <reporter-output>
          </reporter-output>
        </test-method> <!-- VERIFY_THAT_USER_IS_ABLE_TO_ENTER_THE_10_DIGIT_MOBILE_NUMBER_ON_MOBILE_NUMBER_FIELD -->
        <test-method signature="VERIFY_THAT_USER_IS_ABLE_TO_SELECT_THE_ACCESS_ROLE()[pri:7, instance:Testcases.New_User_Creation@368247b9]" started-at="2024-09-30T16:02:40 IST" name="VERIFY_THAT_USER_IS_ABLE_TO_SELECT_THE_ACCESS_ROLE" finished-at="2024-09-30T16:02:41 IST" duration-ms="1401" status="PASS">
          <reporter-output>
          </reporter-output>
        </test-method> <!-- VERIFY_THAT_USER_IS_ABLE_TO_SELECT_THE_ACCESS_ROLE -->
        <test-method signature="VERIFY_THAT_USER_IS_ABLE_TO_SELECT_THE_LOCATION_LEVEL_AS_COUNTRY_IN_LEVEL_DROPDOWN()[pri:8, instance:Testcases.New_User_Creation@368247b9]" started-at="2024-09-30T16:02:41 IST" name="VERIFY_THAT_USER_IS_ABLE_TO_SELECT_THE_LOCATION_LEVEL_AS_COUNTRY_IN_LEVEL_DROPDOWN" finished-at="2024-09-30T16:02:42 IST" duration-ms="1354" status="PASS">
          <reporter-output>
          </reporter-output>
        </test-method> <!-- VERIFY_THAT_USER_IS_ABLE_TO_SELECT_THE_LOCATION_LEVEL_AS_COUNTRY_IN_LEVEL_DROPDOWN -->
        <test-method signature="VERIFY_THAT_USER_IS_ABLE_TO_SELECT_THE_LOCATION_IN_LOCATION_FIELD()[pri:9, instance:Testcases.New_User_Creation@368247b9]" started-at="2024-09-30T16:02:42 IST" name="VERIFY_THAT_USER_IS_ABLE_TO_SELECT_THE_LOCATION_IN_LOCATION_FIELD" finished-at="2024-09-30T16:02:45 IST" duration-ms="2356" status="PASS">
          <reporter-output>
          </reporter-output>
        </test-method> <!-- VERIFY_THAT_USER_IS_ABLE_TO_SELECT_THE_LOCATION_IN_LOCATION_FIELD -->
        <test-method signature="VERIFY_THAT_DEFAULT_PASSWORD_DISPLAYED_AS_ENCRYPED_FORMAT_IN_PASSWORD_FIELD()[pri:10, instance:Testcases.New_User_Creation@368247b9]" started-at="2024-09-30T16:02:45 IST" name="VERIFY_THAT_DEFAULT_PASSWORD_DISPLAYED_AS_ENCRYPED_FORMAT_IN_PASSWORD_FIELD" finished-at="2024-09-30T16:02:46 IST" duration-ms="1383" status="PASS">
          <reporter-output>
          </reporter-output>
        </test-method> <!-- VERIFY_THAT_DEFAULT_PASSWORD_DISPLAYED_AS_ENCRYPED_FORMAT_IN_PASSWORD_FIELD -->
        <test-method signature="VERIFY_THAT_CONFIRM_PASSWORD_IS_FILLED_WITH_DEFAULT_PASSWORD()[pri:11, instance:Testcases.New_User_Creation@368247b9]" started-at="2024-09-30T16:02:46 IST" name="VERIFY_THAT_CONFIRM_PASSWORD_IS_FILLED_WITH_DEFAULT_PASSWORD" finished-at="2024-09-30T16:02:47 IST" duration-ms="1336" status="PASS">
          <reporter-output>
          </reporter-output>
        </test-method> <!-- VERIFY_THAT_CONFIRM_PASSWORD_IS_FILLED_WITH_DEFAULT_PASSWORD -->
        <test-method signature="VERIFY_THAT_NEW_USER_IS_CREATED_SUCCESSFULLY_BY_CLICKING_THE_SUBMIT_BUTTON()[pri:12, instance:Testcases.New_User_Creation@368247b9]" started-at="2024-09-30T16:02:47 IST" name="VERIFY_THAT_NEW_USER_IS_CREATED_SUCCESSFULLY_BY_CLICKING_THE_SUBMIT_BUTTON" finished-at="2024-09-30T16:02:48 IST" duration-ms="651" status="PASS">
          <reporter-output>
          </reporter-output>
        </test-method> <!-- VERIFY_THAT_NEW_USER_IS_CREATED_SUCCESSFULLY_BY_CLICKING_THE_SUBMIT_BUTTON -->
      </class> <!-- Testcases.New_User_Creation -->
      <class name="Testcases.SafeLock_Login">
        <test-method is-config="true" signature="beforeClass()[pri:0, instance:Testcases.SafeLock_Login@6340e5f0]" started-at="2024-09-30T16:02:37 IST" name="beforeClass" finished-at="2024-09-30T16:02:37 IST" duration-ms="0" status="PASS">
          <reporter-output>
          </reporter-output>
        </test-method> <!-- beforeClass -->
        <test-method signature="VERIFY_THAT_SAFELOCK_CUSTOMER_URL_LAUNCHED_SUCCESSFULLY()[pri:1, instance:Testcases.SafeLock_Login@6340e5f0]" started-at="2024-09-30T16:02:37 IST" name="VERIFY_THAT_SAFELOCK_CUSTOMER_URL_LAUNCHED_SUCCESSFULLY" finished-at="2024-09-30T16:02:37 IST" duration-ms="3" status="PASS">
          <reporter-output>
          </reporter-output>
        </test-method> <!-- VERIFY_THAT_SAFELOCK_CUSTOMER_URL_LAUNCHED_SUCCESSFULLY -->
      </class> <!-- Testcases.SafeLock_Login -->
      <class name="Testcases.SafeLock_New_Location">
        <test-method is-config="true" signature="beforeClass()[pri:0, instance:Testcases.SafeLock_New_Location@1a6d8329]" started-at="2024-09-30T16:02:48 IST" name="beforeClass" finished-at="2024-09-30T16:02:48 IST" duration-ms="2" status="PASS">
          <reporter-output>
          </reporter-output>
        </test-method> <!-- beforeClass -->
        <test-method signature="VERIFY_USER_NAVIGATED_INTO_LOCATION_PAGE()[pri:2, instance:Testcases.SafeLock_New_Location@1a6d8329]" started-at="2024-09-30T16:02:48 IST" name="VERIFY_USER_NAVIGATED_INTO_LOCATION_PAGE" finished-at="2024-09-30T16:02:48 IST" duration-ms="133" status="PASS">
          <reporter-output>
          </reporter-output>
        </test-method> <!-- VERIFY_USER_NAVIGATED_INTO_LOCATION_PAGE -->
        <test-method is-config="true" signature="afterMethod()[pri:0, instance:Testcases.SafeLock_New_Location@1a6d8329]" started-at="2024-09-30T16:02:48 IST" name="afterMethod" finished-at="2024-09-30T16:02:48 IST" duration-ms="1" status="PASS">
          <reporter-output>
          </reporter-output>
        </test-method> <!-- afterMethod -->
        <test-method signature="VERIFY_THAT_ADD_LOCATION_PAGE_IS_NAVIGATED_BY_CLICKING_ON_PLUS_ICON()[pri:3, instance:Testcases.SafeLock_New_Location@1a6d8329]" started-at="2024-09-30T16:02:48 IST" name="VERIFY_THAT_ADD_LOCATION_PAGE_IS_NAVIGATED_BY_CLICKING_ON_PLUS_ICON" finished-at="2024-09-30T16:02:49 IST" duration-ms="553" status="PASS">
          <reporter-output>
          </reporter-output>
        </test-method> <!-- VERIFY_THAT_ADD_LOCATION_PAGE_IS_NAVIGATED_BY_CLICKING_ON_PLUS_ICON -->
        <test-method is-config="true" signature="afterMethod()[pri:0, instance:Testcases.SafeLock_New_Location@1a6d8329]" started-at="2024-09-30T16:02:49 IST" name="afterMethod" finished-at="2024-09-30T16:02:49 IST" duration-ms="1" status="PASS">
          <reporter-output>
          </reporter-output>
        </test-method> <!-- afterMethod -->
        <test-method signature="VERIFY_THAT_ABLE_TO_SELECT_THE_COUNTRY_ON_THE_ADD_LOCATION_POPUP()[pri:4, instance:Testcases.SafeLock_New_Location@1a6d8329]" started-at="2024-09-30T16:02:49 IST" name="VERIFY_THAT_ABLE_TO_SELECT_THE_COUNTRY_ON_THE_ADD_LOCATION_POPUP" finished-at="2024-09-30T16:02:49 IST" duration-ms="537" status="PASS">
          <reporter-output>
          </reporter-output>
        </test-method> <!-- VERIFY_THAT_ABLE_TO_SELECT_THE_COUNTRY_ON_THE_ADD_LOCATION_POPUP -->
        <test-method is-config="true" signature="afterMethod()[pri:0, instance:Testcases.SafeLock_New_Location@1a6d8329]" started-at="2024-09-30T16:02:49 IST" name="afterMethod" finished-at="2024-09-30T16:02:49 IST" duration-ms="0" status="PASS">
          <reporter-output>
          </reporter-output>
        </test-method> <!-- afterMethod -->
        <test-method signature="VERIFY_THAT_ABLE_TO_ENTER_THE_LOCATION_NAME_ALONG_WITH_STATE_NAME()[pri:5, instance:Testcases.SafeLock_New_Location@1a6d8329]" started-at="2024-09-30T16:02:49 IST" name="VERIFY_THAT_ABLE_TO_ENTER_THE_LOCATION_NAME_ALONG_WITH_STATE_NAME" finished-at="2024-09-30T16:02:49 IST" duration-ms="136" status="PASS">
          <reporter-output>
          </reporter-output>
        </test-method> <!-- VERIFY_THAT_ABLE_TO_ENTER_THE_LOCATION_NAME_ALONG_WITH_STATE_NAME -->
        <test-method signature="VERIFY_THAT_NEW_LOCATION_ADDED_SUCCESSFULLY_BY_CLICK_ON_SUBMIT()[pri:6, instance:Testcases.SafeLock_New_Location@1a6d8329]" started-at="2024-09-30T16:02:49 IST" name="VERIFY_THAT_NEW_LOCATION_ADDED_SUCCESSFULLY_BY_CLICK_ON_SUBMIT" finished-at="2024-09-30T16:02:50 IST" duration-ms="167" status="PASS">
          <reporter-output>
          </reporter-output>
        </test-method> <!-- VERIFY_THAT_NEW_LOCATION_ADDED_SUCCESSFULLY_BY_CLICK_ON_SUBMIT -->
        <test-method is-config="true" signature="afterMethod()[pri:0, instance:Testcases.SafeLock_New_Location@1a6d8329]" started-at="2024-09-30T16:02:49 IST" name="afterMethod" finished-at="2024-09-30T16:02:49 IST" duration-ms="0" status="PASS">
          <reporter-output>
          </reporter-output>
        </test-method> <!-- afterMethod -->
        <test-method is-config="true" signature="afterMethod()[pri:0, instance:Testcases.SafeLock_New_Location@1a6d8329]" started-at="2024-09-30T16:02:50 IST" name="afterMethod" finished-at="2024-09-30T16:02:50 IST" duration-ms="1" status="PASS">
          <reporter-output>
          </reporter-output>
        </test-method> <!-- afterMethod -->
        <test-method signature="VERIFY_THAT_CREATED_LOCATION_DISPLAYED_IN_LOCATION_GRID_SECTION()[pri:7, instance:Testcases.SafeLock_New_Location@1a6d8329]" started-at="2024-09-30T16:02:50 IST" name="VERIFY_THAT_CREATED_LOCATION_DISPLAYED_IN_LOCATION_GRID_SECTION" finished-at="2024-09-30T16:02:55 IST" duration-ms="5258" status="PASS">
          <reporter-output>
          </reporter-output>
        </test-method> <!-- VERIFY_THAT_CREATED_LOCATION_DISPLAYED_IN_LOCATION_GRID_SECTION -->
        <test-method is-config="true" signature="afterMethod()[pri:0, instance:Testcases.SafeLock_New_Location@1a6d8329]" started-at="2024-09-30T16:02:55 IST" name="afterMethod" finished-at="2024-09-30T16:02:55 IST" duration-ms="0" status="PASS">
          <reporter-output>
          </reporter-output>
        </test-method> <!-- afterMethod -->
        <test-method signature="VERIFY_THAT_LOCK_MAPPING_POPOUP_APPEARED_BY_CLICK_ON_LOCK_MAPPING_BUTTON()[pri:8, instance:Testcases.SafeLock_New_Location@1a6d8329]" started-at="2024-09-30T16:02:55 IST" name="VERIFY_THAT_LOCK_MAPPING_POPOUP_APPEARED_BY_CLICK_ON_LOCK_MAPPING_BUTTON" finished-at="2024-09-30T16:03:00 IST" duration-ms="5130" status="PASS">
          <reporter-output>
          </reporter-output>
        </test-method> <!-- VERIFY_THAT_LOCK_MAPPING_POPOUP_APPEARED_BY_CLICK_ON_LOCK_MAPPING_BUTTON -->
        <test-method is-config="true" signature="afterMethod()[pri:0, instance:Testcases.SafeLock_New_Location@1a6d8329]" started-at="2024-09-30T16:03:00 IST" name="afterMethod" finished-at="2024-09-30T16:03:00 IST" duration-ms="1" status="PASS">
          <reporter-output>
          </reporter-output>
        </test-method> <!-- afterMethod -->
        <test-method signature="VERIFY_THAT_USER_IS_ENTER_THE_LOCK_NAME_SUCCESSFULLY()[pri:9, instance:Testcases.SafeLock_New_Location@1a6d8329]" started-at="2024-09-30T16:03:00 IST" name="VERIFY_THAT_USER_IS_ENTER_THE_LOCK_NAME_SUCCESSFULLY" finished-at="2024-09-30T16:03:00 IST" duration-ms="173" status="PASS">
          <reporter-output>
          </reporter-output>
        </test-method> <!-- VERIFY_THAT_USER_IS_ENTER_THE_LOCK_NAME_SUCCESSFULLY -->
        <test-method is-config="true" signature="afterMethod()[pri:0, instance:Testcases.SafeLock_New_Location@1a6d8329]" started-at="2024-09-30T16:03:00 IST" name="afterMethod" finished-at="2024-09-30T16:03:00 IST" duration-ms="0" status="PASS">
          <reporter-output>
          </reporter-output>
        </test-method> <!-- afterMethod -->
        <test-method signature="VERIFY_THAT_USER_IS_ABLE_TO_SELECT_THE_LOCK_ID_FROM_THE_DROP_DOWN_SUCCESSFULLY()[pri:10, instance:Testcases.SafeLock_New_Location@1a6d8329]" started-at="2024-09-30T16:03:00 IST" name="VERIFY_THAT_USER_IS_ABLE_TO_SELECT_THE_LOCK_ID_FROM_THE_DROP_DOWN_SUCCESSFULLY" finished-at="2024-09-30T16:03:00 IST" duration-ms="193" status="PASS">
          <reporter-output>
          </reporter-output>
        </test-method> <!-- VERIFY_THAT_USER_IS_ABLE_TO_SELECT_THE_LOCK_ID_FROM_THE_DROP_DOWN_SUCCESSFULLY -->
        <test-method is-config="true" signature="afterMethod()[pri:0, instance:Testcases.SafeLock_New_Location@1a6d8329]" started-at="2024-09-30T16:03:00 IST" name="afterMethod" finished-at="2024-09-30T16:03:00 IST" duration-ms="0" status="PASS">
          <reporter-output>
          </reporter-output>
        </test-method> <!-- afterMethod -->
        <test-method signature="VERIFY_THAT_LOCK_MAPPED_WITH_SELECTED_LOCATION_BY_CLICK_ON_SUBMIT()[pri:11, instance:Testcases.SafeLock_New_Location@1a6d8329]" started-at="2024-09-30T16:03:00 IST" name="VERIFY_THAT_LOCK_MAPPED_WITH_SELECTED_LOCATION_BY_CLICK_ON_SUBMIT" finished-at="2024-09-30T16:03:05 IST" duration-ms="4112" status="PASS">
          <reporter-output>
          </reporter-output>
        </test-method> <!-- VERIFY_THAT_LOCK_MAPPED_WITH_SELECTED_LOCATION_BY_CLICK_ON_SUBMIT -->
        <test-method is-config="true" signature="afterMethod()[pri:0, instance:Testcases.SafeLock_New_Location@1a6d8329]" started-at="2024-09-30T16:03:05 IST" name="afterMethod" finished-at="2024-09-30T16:03:05 IST" duration-ms="1" status="PASS">
          <reporter-output>
          </reporter-output>
        </test-method> <!-- afterMethod -->
      </class> <!-- Testcases.SafeLock_New_Location -->
    </test> <!-- Test -->
  </suite> <!-- Suite -->
</testng-results>
